2019-06-14 13:49:59.180 [main] DEBUG com.imooc.o2o.O2oApplication-Running with Spring Boot v2.1.5.RELEASE, Spring v5.1.7.RELEASE
2019-06-14 13:50:42.951 [http-nio-8080-exec-10] DEBUG com.imooc.o2o.dao.ShopDao.queryShopList-==>  Preparing: SELECT s.shop_id, s.shop_name, s.shop_desc, s.shop_addr, s.phone, s.shop_img, s.priority, s.create_time, s.last_edit_time, s.enable_status, s.advice, a.area_id, a.area_name, sc.shop_category_id, sc.shop_category_name FROM tb_shop s, tb_area a, tb_shop_category sc WHERE s.shop_category_id in (select shop_category_id from tb_shop_category WHERE parent_id=?) and s.enable_status=? AND s.area_id=a.area_id AND s.shop_category_id=sc.shop_category_id ORDER BY s.priority DESC LIMIT ?,?; 
2019-06-14 13:50:42.975 [http-nio-8080-exec-10] DEBUG com.imooc.o2o.dao.ShopDao.queryShopList-==> Parameters: 4(Long), 1(Integer), 0(Integer), 10(Integer)
2019-06-14 13:50:43.095 [http-nio-8080-exec-10] DEBUG com.imooc.o2o.dao.ShopDao.queryShopList-<==      Total: 6
2019-06-14 13:50:43.098 [http-nio-8080-exec-10] DEBUG com.imooc.o2o.dao.ShopDao.queryShopCount-==>  Preparing: SELECT count(1) FROM tb_shop s, tb_area a, tb_shop_category sc WHERE s.shop_category_id in (select shop_category_id from tb_shop_category WHERE parent_id=?) and s.enable_status=? AND s.area_id=a.area_id AND s.shop_category_id=sc.shop_category_id 
2019-06-14 13:50:43.099 [http-nio-8080-exec-10] DEBUG com.imooc.o2o.dao.ShopDao.queryShopCount-==> Parameters: 4(Long), 1(Integer)
2019-06-14 13:50:43.106 [http-nio-8080-exec-10] DEBUG com.imooc.o2o.dao.ShopDao.queryShopCount-<==      Total: 1
2019-06-14 13:50:44.327 [http-nio-8080-exec-6] DEBUG com.imooc.o2o.dao.ShopDao.queryByShopId-==>  Preparing: SELECT s.shop_id, s.shop_name, s.shop_desc, s.shop_addr, s.phone, s.shop_img, s.priority, s.create_time, s.last_edit_time, s.enable_status, s.advice, a.area_id, a.area_name, sc.shop_category_id, sc.shop_category_name FROM tb_shop s, tb_area a, tb_shop_category sc WHERE s.area_id=a.area_id AND s.shop_category_id=sc.shop_category_id AND s.shop_id=? 
2019-06-14 13:50:44.327 [http-nio-8080-exec-6] DEBUG com.imooc.o2o.dao.ShopDao.queryByShopId-==> Parameters: 1(Long)
2019-06-14 13:50:44.330 [http-nio-8080-exec-6] DEBUG com.imooc.o2o.dao.ShopDao.queryByShopId-<==      Total: 1
2019-06-14 13:50:44.338 [http-nio-8080-exec-6] DEBUG c.i.o.d.P.queryProductCategoryList-==>  Preparing: SELECT product_category_id, product_category_name, priority, create_time, shop_id FROM tb_product_category WHERE shop_id=? ORDER BY priority DESC 
2019-06-14 13:50:44.339 [http-nio-8080-exec-6] DEBUG c.i.o.d.P.queryProductCategoryList-==> Parameters: 1(Long)
2019-06-14 13:50:44.344 [http-nio-8080-exec-6] DEBUG c.i.o.d.P.queryProductCategoryList-<==      Total: 0
2019-06-14 13:50:44.363 [http-nio-8080-exec-8] DEBUG com.imooc.o2o.dao.ProductDao.queryProductList-==>  Preparing: SELECT product_id, product_name, product_desc, img_addr, normal_price, promotion_price, priority, create_time, point, last_edit_time, enable_status, product_category_id, shop_id FROM tb_product WHERE shop_id = ? and enable_status = ? ORDER BY priority DESC LIMIT ?,?; 
2019-06-14 13:50:44.364 [http-nio-8080-exec-8] DEBUG com.imooc.o2o.dao.ProductDao.queryProductList-==> Parameters: 1(Long), 1(Integer), 0(Integer), 10(Integer)
2019-06-14 13:50:44.370 [http-nio-8080-exec-8] DEBUG com.imooc.o2o.dao.ProductDao.queryProductList-<==      Total: 0
2019-06-14 13:50:44.371 [http-nio-8080-exec-8] DEBUG com.imooc.o2o.dao.ProductDao.queryProductCount-==>  Preparing: SELECT count(1) FROM tb_product WHERE shop_id = ? and enable_status = ? 
2019-06-14 13:50:44.372 [http-nio-8080-exec-8] DEBUG com.imooc.o2o.dao.ProductDao.queryProductCount-==> Parameters: 1(Long), 1(Integer)
2019-06-14 13:50:44.373 [http-nio-8080-exec-8] DEBUG com.imooc.o2o.dao.ProductDao.queryProductCount-<==      Total: 1
2019-06-14 13:50:46.780 [http-nio-8080-exec-6] DEBUG com.imooc.o2o.dao.AwardDao.queryAwardList-==>  Preparing: SELECT award_id, award_name, award_desc, award_img, point, priority, create_time, last_edit_time, enable_status, shop_id FROM tb_award WHERE shop_id=? ORDER BY priority DESC LIMIT ?,?; 
2019-06-14 13:50:46.782 [http-nio-8080-exec-6] DEBUG com.imooc.o2o.dao.AwardDao.queryAwardList-==> Parameters: 1(Long), 0(Integer), 10(Integer)
2019-06-14 13:50:46.793 [http-nio-8080-exec-6] DEBUG com.imooc.o2o.dao.AwardDao.queryAwardList-<==      Total: 3
2019-06-14 13:50:46.794 [http-nio-8080-exec-6] DEBUG com.imooc.o2o.dao.AwardDao.queryAwardCount-==>  Preparing: SELECT count(1) FROM tb_award WHERE shop_id=? 
2019-06-14 13:50:46.795 [http-nio-8080-exec-6] DEBUG com.imooc.o2o.dao.AwardDao.queryAwardCount-==> Parameters: 1(Long)
2019-06-14 13:50:46.796 [http-nio-8080-exec-6] DEBUG com.imooc.o2o.dao.AwardDao.queryAwardCount-<==      Total: 1
2019-06-14 13:51:03.012 [http-nio-8080-exec-10] DEBUG c.i.o.dao.LocalAuthDao.queryLocalByUserNameAndPwd-==>  Preparing: SELECT l.local_auth_id, l.user_name, l.password, l.create_time, l.last_edit_time, p.user_id, p.name, p.gender, p.email, p.profile_img, p.create_time, p.user_type, p.last_edit_time, p.enable_status FROM tb_local_auth l LEFT JOIN tb_person_info p ON l.user_id = p.user_id WHERE l.user_name = ? AND l.password = ? 
2019-06-14 13:51:03.013 [http-nio-8080-exec-10] DEBUG c.i.o.dao.LocalAuthDao.queryLocalByUserNameAndPwd-==> Parameters: testbind(String), 552eel5ssb5b256e2e62b065q0y52s2l(String)
2019-06-14 13:51:03.022 [http-nio-8080-exec-10] DEBUG c.i.o.dao.LocalAuthDao.queryLocalByUserNameAndPwd-<==      Total: 1
2019-06-14 13:51:04.585 [http-nio-8080-exec-1] DEBUG com.imooc.o2o.dao.ShopDao.queryShopList-==>  Preparing: SELECT s.shop_id, s.shop_name, s.shop_desc, s.shop_addr, s.phone, s.shop_img, s.priority, s.create_time, s.last_edit_time, s.enable_status, s.advice, a.area_id, a.area_name, sc.shop_category_id, sc.shop_category_name FROM tb_shop s, tb_area a, tb_shop_category sc WHERE s.shop_category_id in (select shop_category_id from tb_shop_category WHERE parent_id=?) and s.enable_status=? AND s.area_id=a.area_id AND s.shop_category_id=sc.shop_category_id ORDER BY s.priority DESC LIMIT ?,?; 
2019-06-14 13:51:04.587 [http-nio-8080-exec-1] DEBUG com.imooc.o2o.dao.ShopDao.queryShopList-==> Parameters: 4(Long), 1(Integer), 0(Integer), 10(Integer)
2019-06-14 13:51:04.596 [http-nio-8080-exec-1] DEBUG com.imooc.o2o.dao.ShopDao.queryShopList-<==      Total: 6
2019-06-14 13:51:04.597 [http-nio-8080-exec-1] DEBUG com.imooc.o2o.dao.ShopDao.queryShopCount-==>  Preparing: SELECT count(1) FROM tb_shop s, tb_area a, tb_shop_category sc WHERE s.shop_category_id in (select shop_category_id from tb_shop_category WHERE parent_id=?) and s.enable_status=? AND s.area_id=a.area_id AND s.shop_category_id=sc.shop_category_id 
2019-06-14 13:51:04.603 [http-nio-8080-exec-1] DEBUG com.imooc.o2o.dao.ShopDao.queryShopCount-==> Parameters: 4(Long), 1(Integer)
2019-06-14 13:51:04.611 [http-nio-8080-exec-1] DEBUG com.imooc.o2o.dao.ShopDao.queryShopCount-<==      Total: 1
2019-06-14 13:51:06.237 [http-nio-8080-exec-4] DEBUG com.imooc.o2o.dao.ShopDao.queryByShopId-==>  Preparing: SELECT s.shop_id, s.shop_name, s.shop_desc, s.shop_addr, s.phone, s.shop_img, s.priority, s.create_time, s.last_edit_time, s.enable_status, s.advice, a.area_id, a.area_name, sc.shop_category_id, sc.shop_category_name FROM tb_shop s, tb_area a, tb_shop_category sc WHERE s.area_id=a.area_id AND s.shop_category_id=sc.shop_category_id AND s.shop_id=? 
2019-06-14 13:51:06.238 [http-nio-8080-exec-4] DEBUG com.imooc.o2o.dao.ShopDao.queryByShopId-==> Parameters: 1(Long)
2019-06-14 13:51:06.239 [http-nio-8080-exec-6] DEBUG com.imooc.o2o.dao.ProductDao.queryProductList-==>  Preparing: SELECT product_id, product_name, product_desc, img_addr, normal_price, promotion_price, priority, create_time, point, last_edit_time, enable_status, product_category_id, shop_id FROM tb_product WHERE shop_id = ? and enable_status = ? ORDER BY priority DESC LIMIT ?,?; 
2019-06-14 13:51:06.240 [http-nio-8080-exec-4] DEBUG com.imooc.o2o.dao.ShopDao.queryByShopId-<==      Total: 1
2019-06-14 13:51:06.241 [http-nio-8080-exec-4] DEBUG c.i.o.d.P.queryProductCategoryList-==>  Preparing: SELECT product_category_id, product_category_name, priority, create_time, shop_id FROM tb_product_category WHERE shop_id=? ORDER BY priority DESC 
2019-06-14 13:51:06.241 [http-nio-8080-exec-6] DEBUG com.imooc.o2o.dao.ProductDao.queryProductList-==> Parameters: 1(Long), 1(Integer), 0(Integer), 10(Integer)
2019-06-14 13:51:06.241 [http-nio-8080-exec-4] DEBUG c.i.o.d.P.queryProductCategoryList-==> Parameters: 1(Long)
2019-06-14 13:51:06.243 [http-nio-8080-exec-4] DEBUG c.i.o.d.P.queryProductCategoryList-<==      Total: 0
2019-06-14 13:51:06.246 [http-nio-8080-exec-6] DEBUG com.imooc.o2o.dao.ProductDao.queryProductList-<==      Total: 0
2019-06-14 13:51:06.247 [http-nio-8080-exec-6] DEBUG com.imooc.o2o.dao.ProductDao.queryProductCount-==>  Preparing: SELECT count(1) FROM tb_product WHERE shop_id = ? and enable_status = ? 
2019-06-14 13:51:06.249 [http-nio-8080-exec-6] DEBUG com.imooc.o2o.dao.ProductDao.queryProductCount-==> Parameters: 1(Long), 1(Integer)
2019-06-14 13:51:06.251 [http-nio-8080-exec-6] DEBUG com.imooc.o2o.dao.ProductDao.queryProductCount-<==      Total: 1
2019-06-14 13:51:08.627 [http-nio-8080-exec-10] DEBUG com.imooc.o2o.dao.AwardDao.queryAwardList-==>  Preparing: SELECT award_id, award_name, award_desc, award_img, point, priority, create_time, last_edit_time, enable_status, shop_id FROM tb_award WHERE shop_id=? ORDER BY priority DESC LIMIT ?,?; 
2019-06-14 13:51:08.629 [http-nio-8080-exec-10] DEBUG com.imooc.o2o.dao.AwardDao.queryAwardList-==> Parameters: 1(Long), 0(Integer), 10(Integer)
2019-06-14 13:51:08.636 [http-nio-8080-exec-10] DEBUG com.imooc.o2o.dao.AwardDao.queryAwardList-<==      Total: 3
2019-06-14 13:51:08.638 [http-nio-8080-exec-10] DEBUG com.imooc.o2o.dao.AwardDao.queryAwardCount-==>  Preparing: SELECT count(1) FROM tb_award WHERE shop_id=? 
2019-06-14 13:51:08.639 [http-nio-8080-exec-10] DEBUG com.imooc.o2o.dao.AwardDao.queryAwardCount-==> Parameters: 1(Long)
2019-06-14 13:51:08.641 [http-nio-8080-exec-10] DEBUG com.imooc.o2o.dao.AwardDao.queryAwardCount-<==      Total: 1
2019-06-14 13:51:08.642 [http-nio-8080-exec-10] DEBUG com.imooc.o2o.dao.UserShopMapDao.queryUserShopMap-==>  Preparing: SELECT usm.user_shop_id, usm.create_time, usm.point, buyer.user_id, buyer.name, s.shop_id, s.shop_name FROM tb_user_shop_map usm, tb_person_info buyer, tb_shop s WHERE usm.user_id=buyer.user_id and usm.shop_id=s.shop_id and usm.user_id=? and usm.shop_id=? 
2019-06-14 13:51:08.643 [http-nio-8080-exec-10] DEBUG com.imooc.o2o.dao.UserShopMapDao.queryUserShopMap-==> Parameters: 1(Long), 1(Long)
2019-06-14 13:51:08.652 [http-nio-8080-exec-10] DEBUG com.imooc.o2o.dao.UserShopMapDao.queryUserShopMap-<==      Total: 1
2019-06-14 13:52:13.200 [http-nio-8080-exec-3] DEBUG com.imooc.o2o.dao.AwardDao.queryAwardList-==>  Preparing: SELECT award_id, award_name, award_desc, award_img, point, priority, create_time, last_edit_time, enable_status, shop_id FROM tb_award WHERE shop_id=? ORDER BY priority DESC LIMIT ?,?; 
2019-06-14 13:52:13.201 [http-nio-8080-exec-3] DEBUG com.imooc.o2o.dao.AwardDao.queryAwardList-==> Parameters: 1(Long), 0(Integer), 10(Integer)
2019-06-14 13:52:13.210 [http-nio-8080-exec-3] DEBUG com.imooc.o2o.dao.AwardDao.queryAwardList-<==      Total: 3
2019-06-14 13:52:13.211 [http-nio-8080-exec-3] DEBUG com.imooc.o2o.dao.AwardDao.queryAwardCount-==>  Preparing: SELECT count(1) FROM tb_award WHERE shop_id=? 
2019-06-14 13:52:13.212 [http-nio-8080-exec-3] DEBUG com.imooc.o2o.dao.AwardDao.queryAwardCount-==> Parameters: 1(Long)
2019-06-14 13:52:13.213 [http-nio-8080-exec-3] DEBUG com.imooc.o2o.dao.AwardDao.queryAwardCount-<==      Total: 1
2019-06-14 13:52:13.214 [http-nio-8080-exec-3] DEBUG com.imooc.o2o.dao.UserShopMapDao.queryUserShopMap-==>  Preparing: SELECT usm.user_shop_id, usm.create_time, usm.point, buyer.user_id, buyer.name, s.shop_id, s.shop_name FROM tb_user_shop_map usm, tb_person_info buyer, tb_shop s WHERE usm.user_id=buyer.user_id and usm.shop_id=s.shop_id and usm.user_id=? and usm.shop_id=? 
2019-06-14 13:52:13.214 [http-nio-8080-exec-3] DEBUG com.imooc.o2o.dao.UserShopMapDao.queryUserShopMap-==> Parameters: 1(Long), 1(Long)
2019-06-14 13:52:13.220 [http-nio-8080-exec-3] DEBUG com.imooc.o2o.dao.UserShopMapDao.queryUserShopMap-<==      Total: 1
2019-06-14 14:33:33.003 [main] DEBUG com.imooc.o2o.O2oApplication-Running with Spring Boot v2.1.5.RELEASE, Spring v5.1.7.RELEASE
2019-06-14 15:25:34.081 [http-nio-8080-exec-4] DEBUG com.imooc.o2o.dao.AwardDao.queryAwardList-==>  Preparing: SELECT award_id, award_name, award_desc, award_img, point, priority, create_time, last_edit_time, enable_status, shop_id FROM tb_award WHERE shop_id=? ORDER BY priority DESC LIMIT ?,?; 
2019-06-14 15:25:34.106 [http-nio-8080-exec-4] DEBUG com.imooc.o2o.dao.AwardDao.queryAwardList-==> Parameters: 1(Long), 0(Integer), 10(Integer)
2019-06-14 15:25:34.143 [http-nio-8080-exec-4] DEBUG com.imooc.o2o.dao.AwardDao.queryAwardList-<==      Total: 3
2019-06-14 15:25:34.147 [http-nio-8080-exec-4] DEBUG com.imooc.o2o.dao.AwardDao.queryAwardCount-==>  Preparing: SELECT count(1) FROM tb_award WHERE shop_id=? 
2019-06-14 15:25:34.148 [http-nio-8080-exec-4] DEBUG com.imooc.o2o.dao.AwardDao.queryAwardCount-==> Parameters: 1(Long)
2019-06-14 15:25:34.151 [http-nio-8080-exec-4] DEBUG com.imooc.o2o.dao.AwardDao.queryAwardCount-<==      Total: 1
2019-06-14 15:25:52.170 [http-nio-8080-exec-2] DEBUG c.i.o.dao.LocalAuthDao.queryLocalByUserNameAndPwd-==>  Preparing: SELECT l.local_auth_id, l.user_name, l.password, l.create_time, l.last_edit_time, p.user_id, p.name, p.gender, p.email, p.profile_img, p.create_time, p.user_type, p.last_edit_time, p.enable_status FROM tb_local_auth l LEFT JOIN tb_person_info p ON l.user_id = p.user_id WHERE l.user_name = ? AND l.password = ? 
2019-06-14 15:25:52.171 [http-nio-8080-exec-2] DEBUG c.i.o.dao.LocalAuthDao.queryLocalByUserNameAndPwd-==> Parameters: testbind(String), 552eel5ssb5b256e2e62b065q0y52s2l(String)
2019-06-14 15:25:52.184 [http-nio-8080-exec-2] DEBUG c.i.o.dao.LocalAuthDao.queryLocalByUserNameAndPwd-<==      Total: 1
2019-06-14 15:25:54.325 [http-nio-8080-exec-4] DEBUG com.imooc.o2o.dao.ShopDao.queryShopList-==>  Preparing: SELECT s.shop_id, s.shop_name, s.shop_desc, s.shop_addr, s.phone, s.shop_img, s.priority, s.create_time, s.last_edit_time, s.enable_status, s.advice, a.area_id, a.area_name, sc.shop_category_id, sc.shop_category_name FROM tb_shop s, tb_area a, tb_shop_category sc WHERE s.shop_category_id in (select shop_category_id from tb_shop_category WHERE parent_id=?) and s.enable_status=? AND s.area_id=a.area_id AND s.shop_category_id=sc.shop_category_id ORDER BY s.priority DESC LIMIT ?,?; 
2019-06-14 15:25:54.326 [http-nio-8080-exec-4] DEBUG com.imooc.o2o.dao.ShopDao.queryShopList-==> Parameters: 4(Long), 1(Integer), 0(Integer), 10(Integer)
2019-06-14 15:25:54.352 [http-nio-8080-exec-4] DEBUG com.imooc.o2o.dao.ShopDao.queryShopList-<==      Total: 6
2019-06-14 15:25:54.354 [http-nio-8080-exec-4] DEBUG com.imooc.o2o.dao.ShopDao.queryShopCount-==>  Preparing: SELECT count(1) FROM tb_shop s, tb_area a, tb_shop_category sc WHERE s.shop_category_id in (select shop_category_id from tb_shop_category WHERE parent_id=?) and s.enable_status=? AND s.area_id=a.area_id AND s.shop_category_id=sc.shop_category_id 
2019-06-14 15:25:54.356 [http-nio-8080-exec-4] DEBUG com.imooc.o2o.dao.ShopDao.queryShopCount-==> Parameters: 4(Long), 1(Integer)
2019-06-14 15:25:54.359 [http-nio-8080-exec-4] DEBUG com.imooc.o2o.dao.ShopDao.queryShopCount-<==      Total: 1
2019-06-14 15:25:56.536 [http-nio-8080-exec-7] DEBUG com.imooc.o2o.dao.ShopDao.queryByShopId-==>  Preparing: SELECT s.shop_id, s.shop_name, s.shop_desc, s.shop_addr, s.phone, s.shop_img, s.priority, s.create_time, s.last_edit_time, s.enable_status, s.advice, a.area_id, a.area_name, sc.shop_category_id, sc.shop_category_name FROM tb_shop s, tb_area a, tb_shop_category sc WHERE s.area_id=a.area_id AND s.shop_category_id=sc.shop_category_id AND s.shop_id=? 
2019-06-14 15:25:56.537 [http-nio-8080-exec-7] DEBUG com.imooc.o2o.dao.ShopDao.queryByShopId-==> Parameters: 1(Long)
2019-06-14 15:25:56.541 [http-nio-8080-exec-7] DEBUG com.imooc.o2o.dao.ShopDao.queryByShopId-<==      Total: 1
2019-06-14 15:25:56.547 [http-nio-8080-exec-7] DEBUG c.i.o.d.P.queryProductCategoryList-==>  Preparing: SELECT product_category_id, product_category_name, priority, create_time, shop_id FROM tb_product_category WHERE shop_id=? ORDER BY priority DESC 
2019-06-14 15:25:56.548 [http-nio-8080-exec-7] DEBUG c.i.o.d.P.queryProductCategoryList-==> Parameters: 1(Long)
2019-06-14 15:25:56.551 [http-nio-8080-exec-7] DEBUG c.i.o.d.P.queryProductCategoryList-<==      Total: 0
2019-06-14 15:25:56.558 [http-nio-8080-exec-10] DEBUG com.imooc.o2o.dao.ProductDao.queryProductList-==>  Preparing: SELECT product_id, product_name, product_desc, img_addr, normal_price, promotion_price, priority, create_time, point, last_edit_time, enable_status, product_category_id, shop_id FROM tb_product WHERE shop_id = ? and enable_status = ? ORDER BY priority DESC LIMIT ?,?; 
2019-06-14 15:25:56.559 [http-nio-8080-exec-10] DEBUG com.imooc.o2o.dao.ProductDao.queryProductList-==> Parameters: 1(Long), 1(Integer), 0(Integer), 10(Integer)
2019-06-14 15:25:56.563 [http-nio-8080-exec-10] DEBUG com.imooc.o2o.dao.ProductDao.queryProductList-<==      Total: 0
2019-06-14 15:25:56.564 [http-nio-8080-exec-10] DEBUG com.imooc.o2o.dao.ProductDao.queryProductCount-==>  Preparing: SELECT count(1) FROM tb_product WHERE shop_id = ? and enable_status = ? 
2019-06-14 15:25:56.565 [http-nio-8080-exec-10] DEBUG com.imooc.o2o.dao.ProductDao.queryProductCount-==> Parameters: 1(Long), 1(Integer)
2019-06-14 15:25:56.566 [http-nio-8080-exec-10] DEBUG com.imooc.o2o.dao.ProductDao.queryProductCount-<==      Total: 1
2019-06-14 15:25:58.016 [http-nio-8080-exec-2] DEBUG com.imooc.o2o.dao.AwardDao.queryAwardList-==>  Preparing: SELECT award_id, award_name, award_desc, award_img, point, priority, create_time, last_edit_time, enable_status, shop_id FROM tb_award WHERE shop_id=? ORDER BY priority DESC LIMIT ?,?; 
2019-06-14 15:25:58.018 [http-nio-8080-exec-2] DEBUG com.imooc.o2o.dao.AwardDao.queryAwardList-==> Parameters: 1(Long), 0(Integer), 10(Integer)
2019-06-14 15:25:58.020 [http-nio-8080-exec-2] DEBUG com.imooc.o2o.dao.AwardDao.queryAwardList-<==      Total: 3
2019-06-14 15:25:58.022 [http-nio-8080-exec-2] DEBUG com.imooc.o2o.dao.AwardDao.queryAwardCount-==>  Preparing: SELECT count(1) FROM tb_award WHERE shop_id=? 
2019-06-14 15:25:58.023 [http-nio-8080-exec-2] DEBUG com.imooc.o2o.dao.AwardDao.queryAwardCount-==> Parameters: 1(Long)
2019-06-14 15:25:58.027 [http-nio-8080-exec-2] DEBUG com.imooc.o2o.dao.AwardDao.queryAwardCount-<==      Total: 1
2019-06-14 15:25:58.028 [http-nio-8080-exec-2] DEBUG com.imooc.o2o.dao.UserShopMapDao.queryUserShopMap-==>  Preparing: SELECT usm.user_shop_id, usm.create_time, usm.point, buyer.user_id, buyer.name, s.shop_id, s.shop_name FROM tb_user_shop_map usm, tb_person_info buyer, tb_shop s WHERE usm.user_id=buyer.user_id and usm.shop_id=s.shop_id and usm.user_id=? and usm.shop_id=? 
2019-06-14 15:25:58.029 [http-nio-8080-exec-2] DEBUG com.imooc.o2o.dao.UserShopMapDao.queryUserShopMap-==> Parameters: 1(Long), 1(Long)
2019-06-14 15:25:58.040 [http-nio-8080-exec-2] DEBUG com.imooc.o2o.dao.UserShopMapDao.queryUserShopMap-<==      Total: 1
2019-06-14 15:28:54.313 [main] DEBUG com.imooc.o2o.O2oApplication-Running with Spring Boot v2.1.5.RELEASE, Spring v5.1.7.RELEASE
2019-06-14 15:29:03.235 [http-nio-8080-exec-4] DEBUG com.imooc.o2o.dao.AwardDao.queryAwardList-==>  Preparing: SELECT award_id, award_name, award_desc, award_img, point, priority, create_time, last_edit_time, enable_status, shop_id FROM tb_award WHERE shop_id=? ORDER BY priority DESC LIMIT ?,?; 
2019-06-14 15:29:03.266 [http-nio-8080-exec-4] DEBUG com.imooc.o2o.dao.AwardDao.queryAwardList-==> Parameters: 1(Long), 0(Integer), 10(Integer)
2019-06-14 15:29:03.295 [http-nio-8080-exec-4] DEBUG com.imooc.o2o.dao.AwardDao.queryAwardList-<==      Total: 3
2019-06-14 15:29:03.298 [http-nio-8080-exec-4] DEBUG com.imooc.o2o.dao.AwardDao.queryAwardCount-==>  Preparing: SELECT count(1) FROM tb_award WHERE shop_id=? 
2019-06-14 15:29:03.299 [http-nio-8080-exec-4] DEBUG com.imooc.o2o.dao.AwardDao.queryAwardCount-==> Parameters: 1(Long)
2019-06-14 15:29:03.305 [http-nio-8080-exec-4] DEBUG com.imooc.o2o.dao.AwardDao.queryAwardCount-<==      Total: 1
2019-06-14 15:29:23.368 [http-nio-8080-exec-9] DEBUG c.i.o.dao.LocalAuthDao.queryLocalByUserNameAndPwd-==>  Preparing: SELECT l.local_auth_id, l.user_name, l.password, l.create_time, l.last_edit_time, p.user_id, p.name, p.gender, p.email, p.profile_img, p.create_time, p.user_type, p.last_edit_time, p.enable_status FROM tb_local_auth l LEFT JOIN tb_person_info p ON l.user_id = p.user_id WHERE l.user_name = ? AND l.password = ? 
2019-06-14 15:29:23.369 [http-nio-8080-exec-9] DEBUG c.i.o.dao.LocalAuthDao.queryLocalByUserNameAndPwd-==> Parameters: testbind(String), 552eel5ssb5b256e2e62b065q0y52s2l(String)
2019-06-14 15:29:23.376 [http-nio-8080-exec-9] DEBUG c.i.o.dao.LocalAuthDao.queryLocalByUserNameAndPwd-<==      Total: 1
2019-06-14 15:29:26.032 [http-nio-8080-exec-2] DEBUG com.imooc.o2o.dao.ShopDao.queryShopList-==>  Preparing: SELECT s.shop_id, s.shop_name, s.shop_desc, s.shop_addr, s.phone, s.shop_img, s.priority, s.create_time, s.last_edit_time, s.enable_status, s.advice, a.area_id, a.area_name, sc.shop_category_id, sc.shop_category_name FROM tb_shop s, tb_area a, tb_shop_category sc WHERE s.shop_category_id in (select shop_category_id from tb_shop_category WHERE parent_id=?) and s.enable_status=? AND s.area_id=a.area_id AND s.shop_category_id=sc.shop_category_id ORDER BY s.priority DESC LIMIT ?,?; 
2019-06-14 15:29:26.034 [http-nio-8080-exec-2] DEBUG com.imooc.o2o.dao.ShopDao.queryShopList-==> Parameters: 4(Long), 1(Integer), 0(Integer), 10(Integer)
2019-06-14 15:29:26.049 [http-nio-8080-exec-2] DEBUG com.imooc.o2o.dao.ShopDao.queryShopList-<==      Total: 6
2019-06-14 15:29:26.050 [http-nio-8080-exec-2] DEBUG com.imooc.o2o.dao.ShopDao.queryShopCount-==>  Preparing: SELECT count(1) FROM tb_shop s, tb_area a, tb_shop_category sc WHERE s.shop_category_id in (select shop_category_id from tb_shop_category WHERE parent_id=?) and s.enable_status=? AND s.area_id=a.area_id AND s.shop_category_id=sc.shop_category_id 
2019-06-14 15:29:26.051 [http-nio-8080-exec-2] DEBUG com.imooc.o2o.dao.ShopDao.queryShopCount-==> Parameters: 4(Long), 1(Integer)
2019-06-14 15:29:26.053 [http-nio-8080-exec-2] DEBUG com.imooc.o2o.dao.ShopDao.queryShopCount-<==      Total: 1
2019-06-14 15:29:28.761 [http-nio-8080-exec-7] DEBUG com.imooc.o2o.dao.ShopDao.queryByShopId-==>  Preparing: SELECT s.shop_id, s.shop_name, s.shop_desc, s.shop_addr, s.phone, s.shop_img, s.priority, s.create_time, s.last_edit_time, s.enable_status, s.advice, a.area_id, a.area_name, sc.shop_category_id, sc.shop_category_name FROM tb_shop s, tb_area a, tb_shop_category sc WHERE s.area_id=a.area_id AND s.shop_category_id=sc.shop_category_id AND s.shop_id=? 
2019-06-14 15:29:28.762 [http-nio-8080-exec-7] DEBUG com.imooc.o2o.dao.ShopDao.queryByShopId-==> Parameters: 1(Long)
2019-06-14 15:29:28.768 [http-nio-8080-exec-7] DEBUG com.imooc.o2o.dao.ShopDao.queryByShopId-<==      Total: 1
2019-06-14 15:29:28.775 [http-nio-8080-exec-7] DEBUG c.i.o.d.P.queryProductCategoryList-==>  Preparing: SELECT product_category_id, product_category_name, priority, create_time, shop_id FROM tb_product_category WHERE shop_id=? ORDER BY priority DESC 
2019-06-14 15:29:28.775 [http-nio-8080-exec-7] DEBUG c.i.o.d.P.queryProductCategoryList-==> Parameters: 1(Long)
2019-06-14 15:29:28.779 [http-nio-8080-exec-7] DEBUG c.i.o.d.P.queryProductCategoryList-<==      Total: 0
2019-06-14 15:29:28.788 [http-nio-8080-exec-8] DEBUG com.imooc.o2o.dao.ProductDao.queryProductList-==>  Preparing: SELECT product_id, product_name, product_desc, img_addr, normal_price, promotion_price, priority, create_time, point, last_edit_time, enable_status, product_category_id, shop_id FROM tb_product WHERE shop_id = ? and enable_status = ? ORDER BY priority DESC LIMIT ?,?; 
2019-06-14 15:29:28.789 [http-nio-8080-exec-8] DEBUG com.imooc.o2o.dao.ProductDao.queryProductList-==> Parameters: 1(Long), 1(Integer), 0(Integer), 10(Integer)
2019-06-14 15:29:28.793 [http-nio-8080-exec-8] DEBUG com.imooc.o2o.dao.ProductDao.queryProductList-<==      Total: 0
2019-06-14 15:29:28.794 [http-nio-8080-exec-8] DEBUG com.imooc.o2o.dao.ProductDao.queryProductCount-==>  Preparing: SELECT count(1) FROM tb_product WHERE shop_id = ? and enable_status = ? 
2019-06-14 15:29:28.795 [http-nio-8080-exec-8] DEBUG com.imooc.o2o.dao.ProductDao.queryProductCount-==> Parameters: 1(Long), 1(Integer)
2019-06-14 15:29:28.796 [http-nio-8080-exec-8] DEBUG com.imooc.o2o.dao.ProductDao.queryProductCount-<==      Total: 1
2019-06-14 15:29:30.817 [http-nio-8080-exec-9] DEBUG com.imooc.o2o.dao.AwardDao.queryAwardList-==>  Preparing: SELECT award_id, award_name, award_desc, award_img, point, priority, create_time, last_edit_time, enable_status, shop_id FROM tb_award WHERE shop_id=? ORDER BY priority DESC LIMIT ?,?; 
2019-06-14 15:29:30.821 [http-nio-8080-exec-9] DEBUG com.imooc.o2o.dao.AwardDao.queryAwardList-==> Parameters: 1(Long), 0(Integer), 10(Integer)
2019-06-14 15:29:30.824 [http-nio-8080-exec-9] DEBUG com.imooc.o2o.dao.AwardDao.queryAwardList-<==      Total: 3
2019-06-14 15:29:30.825 [http-nio-8080-exec-9] DEBUG com.imooc.o2o.dao.AwardDao.queryAwardCount-==>  Preparing: SELECT count(1) FROM tb_award WHERE shop_id=? 
2019-06-14 15:29:30.825 [http-nio-8080-exec-9] DEBUG com.imooc.o2o.dao.AwardDao.queryAwardCount-==> Parameters: 1(Long)
2019-06-14 15:29:30.827 [http-nio-8080-exec-9] DEBUG com.imooc.o2o.dao.AwardDao.queryAwardCount-<==      Total: 1
2019-06-14 15:29:30.828 [http-nio-8080-exec-9] DEBUG com.imooc.o2o.dao.UserShopMapDao.queryUserShopMap-==>  Preparing: SELECT usm.user_shop_id, usm.create_time, usm.point, buyer.user_id, buyer.name, s.shop_id, s.shop_name FROM tb_user_shop_map usm, tb_person_info buyer, tb_shop s WHERE usm.user_id=buyer.user_id and usm.shop_id=s.shop_id and usm.user_id=? and usm.shop_id=? 
2019-06-14 15:29:30.829 [http-nio-8080-exec-9] DEBUG com.imooc.o2o.dao.UserShopMapDao.queryUserShopMap-==> Parameters: 1(Long), 1(Long)
2019-06-14 15:29:30.838 [http-nio-8080-exec-9] DEBUG com.imooc.o2o.dao.UserShopMapDao.queryUserShopMap-<==      Total: 1
2019-06-14 15:29:57.784 [http-nio-8080-exec-1] DEBUG com.imooc.o2o.dao.ShopDao.queryShopList-==>  Preparing: SELECT s.shop_id, s.shop_name, s.shop_desc, s.shop_addr, s.phone, s.shop_img, s.priority, s.create_time, s.last_edit_time, s.enable_status, s.advice, a.area_id, a.area_name, sc.shop_category_id, sc.shop_category_name FROM tb_shop s, tb_area a, tb_shop_category sc WHERE s.shop_category_id in (select shop_category_id from tb_shop_category WHERE parent_id=?) and s.enable_status=? AND s.area_id=a.area_id AND s.shop_category_id=sc.shop_category_id ORDER BY s.priority DESC LIMIT ?,?; 
2019-06-14 15:29:57.784 [http-nio-8080-exec-1] DEBUG com.imooc.o2o.dao.ShopDao.queryShopList-==> Parameters: 4(Long), 1(Integer), 0(Integer), 10(Integer)
2019-06-14 15:29:57.796 [http-nio-8080-exec-1] DEBUG com.imooc.o2o.dao.ShopDao.queryShopList-<==      Total: 6
2019-06-14 15:29:57.797 [http-nio-8080-exec-1] DEBUG com.imooc.o2o.dao.ShopDao.queryShopCount-==>  Preparing: SELECT count(1) FROM tb_shop s, tb_area a, tb_shop_category sc WHERE s.shop_category_id in (select shop_category_id from tb_shop_category WHERE parent_id=?) and s.enable_status=? AND s.area_id=a.area_id AND s.shop_category_id=sc.shop_category_id 
2019-06-14 15:29:57.799 [http-nio-8080-exec-1] DEBUG com.imooc.o2o.dao.ShopDao.queryShopCount-==> Parameters: 4(Long), 1(Integer)
2019-06-14 15:29:57.807 [http-nio-8080-exec-1] DEBUG com.imooc.o2o.dao.ShopDao.queryShopCount-<==      Total: 1
2019-06-14 15:30:01.297 [http-nio-8080-exec-10] DEBUG com.imooc.o2o.dao.ShopDao.queryByShopId-==>  Preparing: SELECT s.shop_id, s.shop_name, s.shop_desc, s.shop_addr, s.phone, s.shop_img, s.priority, s.create_time, s.last_edit_time, s.enable_status, s.advice, a.area_id, a.area_name, sc.shop_category_id, sc.shop_category_name FROM tb_shop s, tb_area a, tb_shop_category sc WHERE s.area_id=a.area_id AND s.shop_category_id=sc.shop_category_id AND s.shop_id=? 
2019-06-14 15:30:01.298 [http-nio-8080-exec-10] DEBUG com.imooc.o2o.dao.ShopDao.queryByShopId-==> Parameters: 1(Long)
2019-06-14 15:30:01.301 [http-nio-8080-exec-10] DEBUG com.imooc.o2o.dao.ShopDao.queryByShopId-<==      Total: 1
2019-06-14 15:30:01.301 [http-nio-8080-exec-9] DEBUG com.imooc.o2o.dao.ProductDao.queryProductList-==>  Preparing: SELECT product_id, product_name, product_desc, img_addr, normal_price, promotion_price, priority, create_time, point, last_edit_time, enable_status, product_category_id, shop_id FROM tb_product WHERE shop_id = ? and enable_status = ? ORDER BY priority DESC LIMIT ?,?; 
2019-06-14 15:30:01.302 [http-nio-8080-exec-10] DEBUG c.i.o.d.P.queryProductCategoryList-==>  Preparing: SELECT product_category_id, product_category_name, priority, create_time, shop_id FROM tb_product_category WHERE shop_id=? ORDER BY priority DESC 
2019-06-14 15:30:01.304 [http-nio-8080-exec-10] DEBUG c.i.o.d.P.queryProductCategoryList-==> Parameters: 1(Long)
2019-06-14 15:30:01.304 [http-nio-8080-exec-9] DEBUG com.imooc.o2o.dao.ProductDao.queryProductList-==> Parameters: 1(Long), 1(Integer), 0(Integer), 10(Integer)
2019-06-14 15:30:01.307 [http-nio-8080-exec-10] DEBUG c.i.o.d.P.queryProductCategoryList-<==      Total: 0
2019-06-14 15:30:01.307 [http-nio-8080-exec-9] DEBUG com.imooc.o2o.dao.ProductDao.queryProductList-<==      Total: 0
2019-06-14 15:30:01.309 [http-nio-8080-exec-9] DEBUG com.imooc.o2o.dao.ProductDao.queryProductCount-==>  Preparing: SELECT count(1) FROM tb_product WHERE shop_id = ? and enable_status = ? 
2019-06-14 15:30:01.310 [http-nio-8080-exec-9] DEBUG com.imooc.o2o.dao.ProductDao.queryProductCount-==> Parameters: 1(Long), 1(Integer)
2019-06-14 15:30:01.312 [http-nio-8080-exec-9] DEBUG com.imooc.o2o.dao.ProductDao.queryProductCount-<==      Total: 1
2019-06-14 15:30:04.025 [http-nio-8080-exec-10] DEBUG com.imooc.o2o.dao.AwardDao.queryAwardList-==>  Preparing: SELECT award_id, award_name, award_desc, award_img, point, priority, create_time, last_edit_time, enable_status, shop_id FROM tb_award WHERE shop_id=? ORDER BY priority DESC LIMIT ?,?; 
2019-06-14 15:30:04.026 [http-nio-8080-exec-10] DEBUG com.imooc.o2o.dao.AwardDao.queryAwardList-==> Parameters: 1(Long), 0(Integer), 10(Integer)
2019-06-14 15:30:04.030 [http-nio-8080-exec-10] DEBUG com.imooc.o2o.dao.AwardDao.queryAwardList-<==      Total: 3
2019-06-14 15:30:04.031 [http-nio-8080-exec-10] DEBUG com.imooc.o2o.dao.AwardDao.queryAwardCount-==>  Preparing: SELECT count(1) FROM tb_award WHERE shop_id=? 
2019-06-14 15:30:04.031 [http-nio-8080-exec-10] DEBUG com.imooc.o2o.dao.AwardDao.queryAwardCount-==> Parameters: 1(Long)
2019-06-14 15:30:04.033 [http-nio-8080-exec-10] DEBUG com.imooc.o2o.dao.AwardDao.queryAwardCount-<==      Total: 1
2019-06-14 15:30:27.919 [http-nio-8080-exec-3] DEBUG c.i.o.dao.LocalAuthDao.queryLocalByUserNameAndPwd-==>  Preparing: SELECT l.local_auth_id, l.user_name, l.password, l.create_time, l.last_edit_time, p.user_id, p.name, p.gender, p.email, p.profile_img, p.create_time, p.user_type, p.last_edit_time, p.enable_status FROM tb_local_auth l LEFT JOIN tb_person_info p ON l.user_id = p.user_id WHERE l.user_name = ? AND l.password = ? 
2019-06-14 15:30:27.919 [http-nio-8080-exec-3] DEBUG c.i.o.dao.LocalAuthDao.queryLocalByUserNameAndPwd-==> Parameters: testbind(String), 552eel5ssb5b256e2e62b065q0y52s2l(String)
2019-06-14 15:30:27.921 [http-nio-8080-exec-3] DEBUG c.i.o.dao.LocalAuthDao.queryLocalByUserNameAndPwd-<==      Total: 1
2019-06-14 15:30:29.478 [http-nio-8080-exec-2] DEBUG com.imooc.o2o.dao.ShopDao.queryShopList-==>  Preparing: SELECT s.shop_id, s.shop_name, s.shop_desc, s.shop_addr, s.phone, s.shop_img, s.priority, s.create_time, s.last_edit_time, s.enable_status, s.advice, a.area_id, a.area_name, sc.shop_category_id, sc.shop_category_name FROM tb_shop s, tb_area a, tb_shop_category sc WHERE s.shop_category_id in (select shop_category_id from tb_shop_category WHERE parent_id=?) and s.enable_status=? AND s.area_id=a.area_id AND s.shop_category_id=sc.shop_category_id ORDER BY s.priority DESC LIMIT ?,?; 
2019-06-14 15:30:29.481 [http-nio-8080-exec-2] DEBUG com.imooc.o2o.dao.ShopDao.queryShopList-==> Parameters: 4(Long), 1(Integer), 0(Integer), 10(Integer)
2019-06-14 15:30:29.491 [http-nio-8080-exec-2] DEBUG com.imooc.o2o.dao.ShopDao.queryShopList-<==      Total: 6
2019-06-14 15:30:29.493 [http-nio-8080-exec-2] DEBUG com.imooc.o2o.dao.ShopDao.queryShopCount-==>  Preparing: SELECT count(1) FROM tb_shop s, tb_area a, tb_shop_category sc WHERE s.shop_category_id in (select shop_category_id from tb_shop_category WHERE parent_id=?) and s.enable_status=? AND s.area_id=a.area_id AND s.shop_category_id=sc.shop_category_id 
2019-06-14 15:30:29.493 [http-nio-8080-exec-2] DEBUG com.imooc.o2o.dao.ShopDao.queryShopCount-==> Parameters: 4(Long), 1(Integer)
2019-06-14 15:30:29.494 [http-nio-8080-exec-2] DEBUG com.imooc.o2o.dao.ShopDao.queryShopCount-<==      Total: 1
2019-06-14 15:30:31.078 [http-nio-8080-exec-7] DEBUG com.imooc.o2o.dao.ShopDao.queryByShopId-==>  Preparing: SELECT s.shop_id, s.shop_name, s.shop_desc, s.shop_addr, s.phone, s.shop_img, s.priority, s.create_time, s.last_edit_time, s.enable_status, s.advice, a.area_id, a.area_name, sc.shop_category_id, sc.shop_category_name FROM tb_shop s, tb_area a, tb_shop_category sc WHERE s.area_id=a.area_id AND s.shop_category_id=sc.shop_category_id AND s.shop_id=? 
2019-06-14 15:30:31.078 [http-nio-8080-exec-1] DEBUG com.imooc.o2o.dao.ProductDao.queryProductList-==>  Preparing: SELECT product_id, product_name, product_desc, img_addr, normal_price, promotion_price, priority, create_time, point, last_edit_time, enable_status, product_category_id, shop_id FROM tb_product WHERE shop_id = ? and enable_status = ? ORDER BY priority DESC LIMIT ?,?; 
2019-06-14 15:30:31.078 [http-nio-8080-exec-7] DEBUG com.imooc.o2o.dao.ShopDao.queryByShopId-==> Parameters: 1(Long)
2019-06-14 15:30:31.079 [http-nio-8080-exec-1] DEBUG com.imooc.o2o.dao.ProductDao.queryProductList-==> Parameters: 1(Long), 1(Integer), 0(Integer), 10(Integer)
2019-06-14 15:30:31.081 [http-nio-8080-exec-1] DEBUG com.imooc.o2o.dao.ProductDao.queryProductList-<==      Total: 0
2019-06-14 15:30:31.082 [http-nio-8080-exec-7] DEBUG com.imooc.o2o.dao.ShopDao.queryByShopId-<==      Total: 1
2019-06-14 15:30:31.083 [http-nio-8080-exec-1] DEBUG com.imooc.o2o.dao.ProductDao.queryProductCount-==>  Preparing: SELECT count(1) FROM tb_product WHERE shop_id = ? and enable_status = ? 
2019-06-14 15:30:31.084 [http-nio-8080-exec-1] DEBUG com.imooc.o2o.dao.ProductDao.queryProductCount-==> Parameters: 1(Long), 1(Integer)
2019-06-14 15:30:31.084 [http-nio-8080-exec-7] DEBUG c.i.o.d.P.queryProductCategoryList-==>  Preparing: SELECT product_category_id, product_category_name, priority, create_time, shop_id FROM tb_product_category WHERE shop_id=? ORDER BY priority DESC 
2019-06-14 15:30:31.087 [http-nio-8080-exec-7] DEBUG c.i.o.d.P.queryProductCategoryList-==> Parameters: 1(Long)
2019-06-14 15:30:31.088 [http-nio-8080-exec-1] DEBUG com.imooc.o2o.dao.ProductDao.queryProductCount-<==      Total: 1
2019-06-14 15:30:31.091 [http-nio-8080-exec-7] DEBUG c.i.o.d.P.queryProductCategoryList-<==      Total: 0
2019-06-14 15:30:32.928 [http-nio-8080-exec-4] DEBUG com.imooc.o2o.dao.AwardDao.queryAwardList-==>  Preparing: SELECT award_id, award_name, award_desc, award_img, point, priority, create_time, last_edit_time, enable_status, shop_id FROM tb_award WHERE shop_id=? ORDER BY priority DESC LIMIT ?,?; 
2019-06-14 15:30:32.928 [http-nio-8080-exec-4] DEBUG com.imooc.o2o.dao.AwardDao.queryAwardList-==> Parameters: 1(Long), 0(Integer), 10(Integer)
2019-06-14 15:30:32.932 [http-nio-8080-exec-4] DEBUG com.imooc.o2o.dao.AwardDao.queryAwardList-<==      Total: 3
2019-06-14 15:30:32.933 [http-nio-8080-exec-4] DEBUG com.imooc.o2o.dao.AwardDao.queryAwardCount-==>  Preparing: SELECT count(1) FROM tb_award WHERE shop_id=? 
2019-06-14 15:30:32.934 [http-nio-8080-exec-4] DEBUG com.imooc.o2o.dao.AwardDao.queryAwardCount-==> Parameters: 1(Long)
2019-06-14 15:30:32.935 [http-nio-8080-exec-4] DEBUG com.imooc.o2o.dao.AwardDao.queryAwardCount-<==      Total: 1
2019-06-14 15:30:32.936 [http-nio-8080-exec-4] DEBUG com.imooc.o2o.dao.UserShopMapDao.queryUserShopMap-==>  Preparing: SELECT usm.user_shop_id, usm.create_time, usm.point, buyer.user_id, buyer.name, s.shop_id, s.shop_name FROM tb_user_shop_map usm, tb_person_info buyer, tb_shop s WHERE usm.user_id=buyer.user_id and usm.shop_id=s.shop_id and usm.user_id=? and usm.shop_id=? 
2019-06-14 15:30:32.936 [http-nio-8080-exec-4] DEBUG com.imooc.o2o.dao.UserShopMapDao.queryUserShopMap-==> Parameters: 1(Long), 1(Long)
2019-06-14 15:30:32.944 [http-nio-8080-exec-4] DEBUG com.imooc.o2o.dao.UserShopMapDao.queryUserShopMap-<==      Total: 1
2019-06-14 15:32:23.050 [http-nio-8080-exec-5] DEBUG com.imooc.o2o.dao.AwardDao.queryAwardByAwardId-==>  Preparing: SELECT award_id, award_name, award_desc, award_img, point, priority, create_time, last_edit_time, enable_status, shop_id FROM tb_award WHERE award_id= ? 
2019-06-14 15:32:23.053 [http-nio-8080-exec-5] DEBUG com.imooc.o2o.dao.AwardDao.queryAwardByAwardId-==> Parameters: -1(Long)
2019-06-14 15:32:23.064 [http-nio-8080-exec-5] DEBUG com.imooc.o2o.dao.AwardDao.queryAwardByAwardId-<==      Total: 0
2019-06-14 15:33:22.208 [main] DEBUG com.imooc.o2o.O2oApplication-Running with Spring Boot v2.1.5.RELEASE, Spring v5.1.7.RELEASE
2019-06-14 15:33:30.331 [http-nio-8080-exec-2] DEBUG com.imooc.o2o.dao.AwardDao.queryAwardList-==>  Preparing: SELECT award_id, award_name, award_desc, award_img, point, priority, create_time, last_edit_time, enable_status, shop_id FROM tb_award WHERE shop_id=? ORDER BY priority DESC LIMIT ?,?; 
2019-06-14 15:33:30.363 [http-nio-8080-exec-2] DEBUG com.imooc.o2o.dao.AwardDao.queryAwardList-==> Parameters: 1(Long), 0(Integer), 10(Integer)
2019-06-14 15:33:30.390 [http-nio-8080-exec-2] DEBUG com.imooc.o2o.dao.AwardDao.queryAwardList-<==      Total: 3
2019-06-14 15:33:30.392 [http-nio-8080-exec-2] DEBUG com.imooc.o2o.dao.AwardDao.queryAwardCount-==>  Preparing: SELECT count(1) FROM tb_award WHERE shop_id=? 
2019-06-14 15:33:30.392 [http-nio-8080-exec-2] DEBUG com.imooc.o2o.dao.AwardDao.queryAwardCount-==> Parameters: 1(Long)
2019-06-14 15:33:30.394 [http-nio-8080-exec-2] DEBUG com.imooc.o2o.dao.AwardDao.queryAwardCount-<==      Total: 1
2019-06-14 15:33:43.598 [http-nio-8080-exec-8] DEBUG c.i.o.dao.LocalAuthDao.queryLocalByUserNameAndPwd-==>  Preparing: SELECT l.local_auth_id, l.user_name, l.password, l.create_time, l.last_edit_time, p.user_id, p.name, p.gender, p.email, p.profile_img, p.create_time, p.user_type, p.last_edit_time, p.enable_status FROM tb_local_auth l LEFT JOIN tb_person_info p ON l.user_id = p.user_id WHERE l.user_name = ? AND l.password = ? 
2019-06-14 15:33:43.599 [http-nio-8080-exec-8] DEBUG c.i.o.dao.LocalAuthDao.queryLocalByUserNameAndPwd-==> Parameters: testbind(String), 552eel5ssb5b256e2e62b065q0y52s2l(String)
2019-06-14 15:33:43.603 [http-nio-8080-exec-8] DEBUG c.i.o.dao.LocalAuthDao.queryLocalByUserNameAndPwd-<==      Total: 1
2019-06-14 15:33:45.990 [http-nio-8080-exec-1] DEBUG com.imooc.o2o.dao.ShopDao.queryShopList-==>  Preparing: SELECT s.shop_id, s.shop_name, s.shop_desc, s.shop_addr, s.phone, s.shop_img, s.priority, s.create_time, s.last_edit_time, s.enable_status, s.advice, a.area_id, a.area_name, sc.shop_category_id, sc.shop_category_name FROM tb_shop s, tb_area a, tb_shop_category sc WHERE s.shop_category_id in (select shop_category_id from tb_shop_category WHERE parent_id=?) and s.enable_status=? AND s.area_id=a.area_id AND s.shop_category_id=sc.shop_category_id ORDER BY s.priority DESC LIMIT ?,?; 
2019-06-14 15:33:45.991 [http-nio-8080-exec-1] DEBUG com.imooc.o2o.dao.ShopDao.queryShopList-==> Parameters: 4(Long), 1(Integer), 0(Integer), 10(Integer)
2019-06-14 15:33:46.003 [http-nio-8080-exec-1] DEBUG com.imooc.o2o.dao.ShopDao.queryShopList-<==      Total: 6
2019-06-14 15:33:46.005 [http-nio-8080-exec-1] DEBUG com.imooc.o2o.dao.ShopDao.queryShopCount-==>  Preparing: SELECT count(1) FROM tb_shop s, tb_area a, tb_shop_category sc WHERE s.shop_category_id in (select shop_category_id from tb_shop_category WHERE parent_id=?) and s.enable_status=? AND s.area_id=a.area_id AND s.shop_category_id=sc.shop_category_id 
2019-06-14 15:33:46.007 [http-nio-8080-exec-1] DEBUG com.imooc.o2o.dao.ShopDao.queryShopCount-==> Parameters: 4(Long), 1(Integer)
2019-06-14 15:33:46.009 [http-nio-8080-exec-1] DEBUG com.imooc.o2o.dao.ShopDao.queryShopCount-<==      Total: 1
2019-06-14 15:33:48.381 [http-nio-8080-exec-5] DEBUG com.imooc.o2o.dao.ShopDao.queryByShopId-==>  Preparing: SELECT s.shop_id, s.shop_name, s.shop_desc, s.shop_addr, s.phone, s.shop_img, s.priority, s.create_time, s.last_edit_time, s.enable_status, s.advice, a.area_id, a.area_name, sc.shop_category_id, sc.shop_category_name FROM tb_shop s, tb_area a, tb_shop_category sc WHERE s.area_id=a.area_id AND s.shop_category_id=sc.shop_category_id AND s.shop_id=? 
2019-06-14 15:33:48.382 [http-nio-8080-exec-5] DEBUG com.imooc.o2o.dao.ShopDao.queryByShopId-==> Parameters: 1(Long)
2019-06-14 15:33:48.385 [http-nio-8080-exec-5] DEBUG com.imooc.o2o.dao.ShopDao.queryByShopId-<==      Total: 1
2019-06-14 15:33:48.390 [http-nio-8080-exec-5] DEBUG c.i.o.d.P.queryProductCategoryList-==>  Preparing: SELECT product_category_id, product_category_name, priority, create_time, shop_id FROM tb_product_category WHERE shop_id=? ORDER BY priority DESC 
2019-06-14 15:33:48.391 [http-nio-8080-exec-5] DEBUG c.i.o.d.P.queryProductCategoryList-==> Parameters: 1(Long)
2019-06-14 15:33:48.391 [http-nio-8080-exec-5] DEBUG c.i.o.d.P.queryProductCategoryList-<==      Total: 0
2019-06-14 15:33:48.394 [http-nio-8080-exec-6] DEBUG com.imooc.o2o.dao.ProductDao.queryProductList-==>  Preparing: SELECT product_id, product_name, product_desc, img_addr, normal_price, promotion_price, priority, create_time, point, last_edit_time, enable_status, product_category_id, shop_id FROM tb_product WHERE shop_id = ? and enable_status = ? ORDER BY priority DESC LIMIT ?,?; 
2019-06-14 15:33:48.396 [http-nio-8080-exec-6] DEBUG com.imooc.o2o.dao.ProductDao.queryProductList-==> Parameters: 1(Long), 1(Integer), 0(Integer), 10(Integer)
2019-06-14 15:33:48.397 [http-nio-8080-exec-6] DEBUG com.imooc.o2o.dao.ProductDao.queryProductList-<==      Total: 0
2019-06-14 15:33:48.398 [http-nio-8080-exec-6] DEBUG com.imooc.o2o.dao.ProductDao.queryProductCount-==>  Preparing: SELECT count(1) FROM tb_product WHERE shop_id = ? and enable_status = ? 
2019-06-14 15:33:48.399 [http-nio-8080-exec-6] DEBUG com.imooc.o2o.dao.ProductDao.queryProductCount-==> Parameters: 1(Long), 1(Integer)
2019-06-14 15:33:48.401 [http-nio-8080-exec-6] DEBUG com.imooc.o2o.dao.ProductDao.queryProductCount-<==      Total: 1
2019-06-14 15:33:50.753 [http-nio-8080-exec-8] DEBUG com.imooc.o2o.dao.AwardDao.queryAwardList-==>  Preparing: SELECT award_id, award_name, award_desc, award_img, point, priority, create_time, last_edit_time, enable_status, shop_id FROM tb_award WHERE shop_id=? ORDER BY priority DESC LIMIT ?,?; 
2019-06-14 15:33:50.753 [http-nio-8080-exec-8] DEBUG com.imooc.o2o.dao.AwardDao.queryAwardList-==> Parameters: 1(Long), 0(Integer), 10(Integer)
2019-06-14 15:33:50.757 [http-nio-8080-exec-8] DEBUG com.imooc.o2o.dao.AwardDao.queryAwardList-<==      Total: 3
2019-06-14 15:33:50.759 [http-nio-8080-exec-8] DEBUG com.imooc.o2o.dao.AwardDao.queryAwardCount-==>  Preparing: SELECT count(1) FROM tb_award WHERE shop_id=? 
2019-06-14 15:33:50.759 [http-nio-8080-exec-8] DEBUG com.imooc.o2o.dao.AwardDao.queryAwardCount-==> Parameters: 1(Long)
2019-06-14 15:33:50.760 [http-nio-8080-exec-8] DEBUG com.imooc.o2o.dao.AwardDao.queryAwardCount-<==      Total: 1
2019-06-14 15:33:50.762 [http-nio-8080-exec-8] DEBUG com.imooc.o2o.dao.UserShopMapDao.queryUserShopMap-==>  Preparing: SELECT usm.user_shop_id, usm.create_time, usm.point, buyer.user_id, buyer.name, s.shop_id, s.shop_name FROM tb_user_shop_map usm, tb_person_info buyer, tb_shop s WHERE usm.user_id=buyer.user_id and usm.shop_id=s.shop_id and usm.user_id=? and usm.shop_id=? 
2019-06-14 15:33:50.763 [http-nio-8080-exec-8] DEBUG com.imooc.o2o.dao.UserShopMapDao.queryUserShopMap-==> Parameters: 1(Long), 1(Long)
2019-06-14 15:33:50.767 [http-nio-8080-exec-8] DEBUG com.imooc.o2o.dao.UserShopMapDao.queryUserShopMap-<==      Total: 1
2019-06-14 15:33:59.409 [http-nio-8080-exec-1] DEBUG com.imooc.o2o.dao.AwardDao.queryAwardByAwardId-==>  Preparing: SELECT award_id, award_name, award_desc, award_img, point, priority, create_time, last_edit_time, enable_status, shop_id FROM tb_award WHERE award_id= ? 
2019-06-14 15:33:59.411 [http-nio-8080-exec-1] DEBUG com.imooc.o2o.dao.AwardDao.queryAwardByAwardId-==> Parameters: 3(Long)
2019-06-14 15:33:59.418 [http-nio-8080-exec-1] DEBUG com.imooc.o2o.dao.AwardDao.queryAwardByAwardId-<==      Total: 1
2019-06-14 15:39:43.357 [main] DEBUG com.imooc.o2o.O2oApplication-Running with Spring Boot v2.1.5.RELEASE, Spring v5.1.7.RELEASE
2019-06-14 15:39:58.007 [http-nio-8080-exec-5] DEBUG com.imooc.o2o.dao.AwardDao.queryAwardList-==>  Preparing: SELECT award_id, award_name, award_desc, award_img, point, priority, create_time, last_edit_time, enable_status, shop_id FROM tb_award WHERE shop_id=? ORDER BY priority DESC LIMIT ?,?; 
2019-06-14 15:39:58.031 [http-nio-8080-exec-5] DEBUG com.imooc.o2o.dao.AwardDao.queryAwardList-==> Parameters: 1(Long), 0(Integer), 10(Integer)
2019-06-14 15:39:58.053 [http-nio-8080-exec-5] DEBUG com.imooc.o2o.dao.AwardDao.queryAwardList-<==      Total: 3
2019-06-14 15:39:58.056 [http-nio-8080-exec-5] DEBUG com.imooc.o2o.dao.AwardDao.queryAwardCount-==>  Preparing: SELECT count(1) FROM tb_award WHERE shop_id=? 
2019-06-14 15:39:58.057 [http-nio-8080-exec-5] DEBUG com.imooc.o2o.dao.AwardDao.queryAwardCount-==> Parameters: 1(Long)
2019-06-14 15:39:58.058 [http-nio-8080-exec-5] DEBUG com.imooc.o2o.dao.AwardDao.queryAwardCount-<==      Total: 1
2019-06-14 15:40:10.863 [http-nio-8080-exec-10] DEBUG c.i.o.dao.LocalAuthDao.queryLocalByUserNameAndPwd-==>  Preparing: SELECT l.local_auth_id, l.user_name, l.password, l.create_time, l.last_edit_time, p.user_id, p.name, p.gender, p.email, p.profile_img, p.create_time, p.user_type, p.last_edit_time, p.enable_status FROM tb_local_auth l LEFT JOIN tb_person_info p ON l.user_id = p.user_id WHERE l.user_name = ? AND l.password = ? 
2019-06-14 15:40:10.863 [http-nio-8080-exec-10] DEBUG c.i.o.dao.LocalAuthDao.queryLocalByUserNameAndPwd-==> Parameters: testbind(String), 552eel5ssb5b256e2e62b065q0y52s2l(String)
2019-06-14 15:40:10.873 [http-nio-8080-exec-10] DEBUG c.i.o.dao.LocalAuthDao.queryLocalByUserNameAndPwd-<==      Total: 1
2019-06-14 15:40:12.558 [http-nio-8080-exec-2] DEBUG com.imooc.o2o.dao.ShopDao.queryShopList-==>  Preparing: SELECT s.shop_id, s.shop_name, s.shop_desc, s.shop_addr, s.phone, s.shop_img, s.priority, s.create_time, s.last_edit_time, s.enable_status, s.advice, a.area_id, a.area_name, sc.shop_category_id, sc.shop_category_name FROM tb_shop s, tb_area a, tb_shop_category sc WHERE s.shop_category_id in (select shop_category_id from tb_shop_category WHERE parent_id=?) and s.enable_status=? AND s.area_id=a.area_id AND s.shop_category_id=sc.shop_category_id ORDER BY s.priority DESC LIMIT ?,?; 
2019-06-14 15:40:12.561 [http-nio-8080-exec-2] DEBUG com.imooc.o2o.dao.ShopDao.queryShopList-==> Parameters: 4(Long), 1(Integer), 0(Integer), 10(Integer)
2019-06-14 15:40:12.576 [http-nio-8080-exec-2] DEBUG com.imooc.o2o.dao.ShopDao.queryShopList-<==      Total: 6
2019-06-14 15:40:12.578 [http-nio-8080-exec-2] DEBUG com.imooc.o2o.dao.ShopDao.queryShopCount-==>  Preparing: SELECT count(1) FROM tb_shop s, tb_area a, tb_shop_category sc WHERE s.shop_category_id in (select shop_category_id from tb_shop_category WHERE parent_id=?) and s.enable_status=? AND s.area_id=a.area_id AND s.shop_category_id=sc.shop_category_id 
2019-06-14 15:40:12.582 [http-nio-8080-exec-2] DEBUG com.imooc.o2o.dao.ShopDao.queryShopCount-==> Parameters: 4(Long), 1(Integer)
2019-06-14 15:40:12.588 [http-nio-8080-exec-2] DEBUG com.imooc.o2o.dao.ShopDao.queryShopCount-<==      Total: 1
2019-06-14 15:40:14.239 [http-nio-8080-exec-8] DEBUG com.imooc.o2o.dao.ShopDao.queryByShopId-==>  Preparing: SELECT s.shop_id, s.shop_name, s.shop_desc, s.shop_addr, s.phone, s.shop_img, s.priority, s.create_time, s.last_edit_time, s.enable_status, s.advice, a.area_id, a.area_name, sc.shop_category_id, sc.shop_category_name FROM tb_shop s, tb_area a, tb_shop_category sc WHERE s.area_id=a.area_id AND s.shop_category_id=sc.shop_category_id AND s.shop_id=? 
2019-06-14 15:40:14.239 [http-nio-8080-exec-8] DEBUG com.imooc.o2o.dao.ShopDao.queryByShopId-==> Parameters: 1(Long)
2019-06-14 15:40:14.241 [http-nio-8080-exec-8] DEBUG com.imooc.o2o.dao.ShopDao.queryByShopId-<==      Total: 1
2019-06-14 15:40:14.248 [http-nio-8080-exec-8] DEBUG c.i.o.d.P.queryProductCategoryList-==>  Preparing: SELECT product_category_id, product_category_name, priority, create_time, shop_id FROM tb_product_category WHERE shop_id=? ORDER BY priority DESC 
2019-06-14 15:40:14.249 [http-nio-8080-exec-8] DEBUG c.i.o.d.P.queryProductCategoryList-==> Parameters: 1(Long)
2019-06-14 15:40:14.252 [http-nio-8080-exec-8] DEBUG c.i.o.d.P.queryProductCategoryList-<==      Total: 0
2019-06-14 15:40:14.257 [http-nio-8080-exec-6] DEBUG com.imooc.o2o.dao.ProductDao.queryProductList-==>  Preparing: SELECT product_id, product_name, product_desc, img_addr, normal_price, promotion_price, priority, create_time, point, last_edit_time, enable_status, product_category_id, shop_id FROM tb_product WHERE shop_id = ? and enable_status = ? ORDER BY priority DESC LIMIT ?,?; 
2019-06-14 15:40:14.258 [http-nio-8080-exec-6] DEBUG com.imooc.o2o.dao.ProductDao.queryProductList-==> Parameters: 1(Long), 1(Integer), 0(Integer), 10(Integer)
2019-06-14 15:40:14.262 [http-nio-8080-exec-6] DEBUG com.imooc.o2o.dao.ProductDao.queryProductList-<==      Total: 0
2019-06-14 15:40:14.263 [http-nio-8080-exec-6] DEBUG com.imooc.o2o.dao.ProductDao.queryProductCount-==>  Preparing: SELECT count(1) FROM tb_product WHERE shop_id = ? and enable_status = ? 
2019-06-14 15:40:14.264 [http-nio-8080-exec-6] DEBUG com.imooc.o2o.dao.ProductDao.queryProductCount-==> Parameters: 1(Long), 1(Integer)
2019-06-14 15:40:14.265 [http-nio-8080-exec-6] DEBUG com.imooc.o2o.dao.ProductDao.queryProductCount-<==      Total: 1
2019-06-14 15:40:15.902 [http-nio-8080-exec-7] DEBUG com.imooc.o2o.dao.AwardDao.queryAwardList-==>  Preparing: SELECT award_id, award_name, award_desc, award_img, point, priority, create_time, last_edit_time, enable_status, shop_id FROM tb_award WHERE shop_id=? ORDER BY priority DESC LIMIT ?,?; 
2019-06-14 15:40:15.903 [http-nio-8080-exec-7] DEBUG com.imooc.o2o.dao.AwardDao.queryAwardList-==> Parameters: 1(Long), 0(Integer), 10(Integer)
2019-06-14 15:40:15.906 [http-nio-8080-exec-7] DEBUG com.imooc.o2o.dao.AwardDao.queryAwardList-<==      Total: 3
2019-06-14 15:40:15.907 [http-nio-8080-exec-7] DEBUG com.imooc.o2o.dao.AwardDao.queryAwardCount-==>  Preparing: SELECT count(1) FROM tb_award WHERE shop_id=? 
2019-06-14 15:40:15.908 [http-nio-8080-exec-7] DEBUG com.imooc.o2o.dao.AwardDao.queryAwardCount-==> Parameters: 1(Long)
2019-06-14 15:40:15.923 [http-nio-8080-exec-7] DEBUG com.imooc.o2o.dao.AwardDao.queryAwardCount-<==      Total: 1
2019-06-14 15:40:15.925 [http-nio-8080-exec-7] DEBUG com.imooc.o2o.dao.UserShopMapDao.queryUserShopMap-==>  Preparing: SELECT usm.user_shop_id, usm.create_time, usm.point, buyer.user_id, buyer.name, s.shop_id, s.shop_name FROM tb_user_shop_map usm, tb_person_info buyer, tb_shop s WHERE usm.user_id=buyer.user_id and usm.shop_id=s.shop_id and usm.user_id=? and usm.shop_id=? 
2019-06-14 15:40:15.926 [http-nio-8080-exec-7] DEBUG com.imooc.o2o.dao.UserShopMapDao.queryUserShopMap-==> Parameters: 1(Long), 1(Long)
2019-06-14 15:40:15.930 [http-nio-8080-exec-7] DEBUG com.imooc.o2o.dao.UserShopMapDao.queryUserShopMap-<==      Total: 1
2019-06-14 15:40:23.153 [http-nio-8080-exec-1] DEBUG com.imooc.o2o.dao.AwardDao.queryAwardByAwardId-==>  Preparing: SELECT award_id, award_name, award_desc, award_img, point, priority, create_time, last_edit_time, enable_status, shop_id FROM tb_award WHERE award_id= ? 
2019-06-14 15:40:23.156 [http-nio-8080-exec-1] DEBUG com.imooc.o2o.dao.AwardDao.queryAwardByAwardId-==> Parameters: 3(Long)
2019-06-14 15:40:23.169 [http-nio-8080-exec-1] DEBUG com.imooc.o2o.dao.AwardDao.queryAwardByAwardId-<==      Total: 1
2019-06-14 15:40:28.288 [http-nio-8080-exec-1] DEBUG c.imooc.o2o.dao.UserAwardMapDao.insertUserAwardMap-==>  Preparing: INSERT INTO tb_user_award_map(user_id,award_id,shop_id,operator_id, create_time,used_status,point) VALUES (?,?,?,?, ?,?,?) 
2019-06-14 15:40:28.299 [http-nio-8080-exec-1] DEBUG c.imooc.o2o.dao.UserAwardMapDao.insertUserAwardMap-==> Parameters: 1(Long), 3(Long), -1(Long), null, 2019-06-14 15:40:28.287(Timestamp), 0(Integer), null
2019-06-14 15:40:28.358 [http-nio-8080-exec-1] DEBUG c.imooc.o2o.dao.UserAwardMapDao.insertUserAwardMap-<==    Updates: 1
2019-06-14 15:43:47.905 [http-nio-8080-exec-2] DEBUG com.imooc.o2o.dao.AwardDao.queryAwardByAwardId-==>  Preparing: SELECT award_id, award_name, award_desc, award_img, point, priority, create_time, last_edit_time, enable_status, shop_id FROM tb_award WHERE award_id= ? 
2019-06-14 15:43:47.907 [http-nio-8080-exec-2] DEBUG com.imooc.o2o.dao.AwardDao.queryAwardByAwardId-==> Parameters: 3(Long)
2019-06-14 15:43:47.910 [http-nio-8080-exec-2] DEBUG com.imooc.o2o.dao.AwardDao.queryAwardByAwardId-<==      Total: 1
2019-06-14 15:43:47.911 [http-nio-8080-exec-2] DEBUG c.imooc.o2o.dao.UserAwardMapDao.insertUserAwardMap-==>  Preparing: INSERT INTO tb_user_award_map(user_id,award_id,shop_id,operator_id, create_time,used_status,point) VALUES (?,?,?,?, ?,?,?) 
2019-06-14 15:43:47.913 [http-nio-8080-exec-2] DEBUG c.imooc.o2o.dao.UserAwardMapDao.insertUserAwardMap-==> Parameters: 1(Long), 3(Long), -1(Long), null, 2019-06-14 15:43:47.91(Timestamp), 0(Integer), null
2019-06-14 15:43:47.920 [http-nio-8080-exec-2] DEBUG c.imooc.o2o.dao.UserAwardMapDao.insertUserAwardMap-<==    Updates: 1
2019-06-14 15:44:47.413 [http-nio-8080-exec-8] DEBUG com.imooc.o2o.dao.AwardDao.queryAwardByAwardId-==>  Preparing: SELECT award_id, award_name, award_desc, award_img, point, priority, create_time, last_edit_time, enable_status, shop_id FROM tb_award WHERE award_id= ? 
2019-06-14 15:44:47.415 [http-nio-8080-exec-8] DEBUG com.imooc.o2o.dao.AwardDao.queryAwardByAwardId-==> Parameters: 3(Long)
2019-06-14 15:44:47.424 [http-nio-8080-exec-8] DEBUG com.imooc.o2o.dao.AwardDao.queryAwardByAwardId-<==      Total: 1
2019-06-14 15:45:58.407 [http-nio-8080-exec-8] DEBUG c.imooc.o2o.dao.UserAwardMapDao.insertUserAwardMap-==>  Preparing: INSERT INTO tb_user_award_map(user_id,award_id,shop_id,operator_id, create_time,used_status,point) VALUES (?,?,?,?, ?,?,?) 
2019-06-14 15:45:58.419 [http-nio-8080-exec-8] DEBUG c.imooc.o2o.dao.UserAwardMapDao.insertUserAwardMap-==> Parameters: 1(Long), 3(Long), -1(Long), null, 2019-06-14 15:45:30.512(Timestamp), 0(Integer), null
2019-06-14 15:45:58.425 [http-nio-8080-exec-8] DEBUG c.imooc.o2o.dao.UserAwardMapDao.insertUserAwardMap-<==    Updates: 1
2019-06-14 15:46:33.415 [http-nio-8080-exec-5] DEBUG com.imooc.o2o.dao.AwardDao.queryAwardByAwardId-==>  Preparing: SELECT award_id, award_name, award_desc, award_img, point, priority, create_time, last_edit_time, enable_status, shop_id FROM tb_award WHERE award_id= ? 
2019-06-14 15:46:33.418 [http-nio-8080-exec-5] DEBUG com.imooc.o2o.dao.AwardDao.queryAwardByAwardId-==> Parameters: 3(Long)
2019-06-14 15:46:33.438 [http-nio-8080-exec-5] DEBUG com.imooc.o2o.dao.AwardDao.queryAwardByAwardId-<==      Total: 1
2019-06-14 15:47:21.878 [http-nio-8080-exec-5] DEBUG c.imooc.o2o.dao.UserAwardMapDao.insertUserAwardMap-==>  Preparing: INSERT INTO tb_user_award_map(user_id,award_id,shop_id,operator_id, create_time,used_status,point) VALUES (?,?,?,?, ?,?,?) 
2019-06-14 15:47:21.880 [http-nio-8080-exec-5] DEBUG c.imooc.o2o.dao.UserAwardMapDao.insertUserAwardMap-==> Parameters: 1(Long), 3(Long), -1(Long), null, 2019-06-14 15:47:21.878(Timestamp), 0(Integer), null
2019-06-14 15:47:21.883 [http-nio-8080-exec-5] DEBUG c.imooc.o2o.dao.UserAwardMapDao.insertUserAwardMap-<==    Updates: 1
2019-06-14 15:49:39.033 [main] DEBUG com.imooc.o2o.O2oApplication-Running with Spring Boot v2.1.5.RELEASE, Spring v5.1.7.RELEASE
2019-06-14 15:49:52.085 [http-nio-8080-exec-5] DEBUG com.imooc.o2o.dao.AwardDao.queryAwardList-==>  Preparing: SELECT award_id, award_name, award_desc, award_img, point, priority, create_time, last_edit_time, enable_status, shop_id FROM tb_award WHERE shop_id=? ORDER BY priority DESC LIMIT ?,?; 
2019-06-14 15:49:52.104 [http-nio-8080-exec-5] DEBUG com.imooc.o2o.dao.AwardDao.queryAwardList-==> Parameters: 1(Long), 0(Integer), 10(Integer)
2019-06-14 15:49:52.121 [http-nio-8080-exec-5] DEBUG com.imooc.o2o.dao.AwardDao.queryAwardList-<==      Total: 3
2019-06-14 15:49:52.125 [http-nio-8080-exec-5] DEBUG com.imooc.o2o.dao.AwardDao.queryAwardCount-==>  Preparing: SELECT count(1) FROM tb_award WHERE shop_id=? 
2019-06-14 15:49:52.126 [http-nio-8080-exec-5] DEBUG com.imooc.o2o.dao.AwardDao.queryAwardCount-==> Parameters: 1(Long)
2019-06-14 15:49:52.127 [http-nio-8080-exec-5] DEBUG com.imooc.o2o.dao.AwardDao.queryAwardCount-<==      Total: 1
2019-06-14 15:50:06.280 [http-nio-8080-exec-10] DEBUG c.i.o.dao.LocalAuthDao.queryLocalByUserNameAndPwd-==>  Preparing: SELECT l.local_auth_id, l.user_name, l.password, l.create_time, l.last_edit_time, p.user_id, p.name, p.gender, p.email, p.profile_img, p.create_time, p.user_type, p.last_edit_time, p.enable_status FROM tb_local_auth l LEFT JOIN tb_person_info p ON l.user_id = p.user_id WHERE l.user_name = ? AND l.password = ? 
2019-06-14 15:50:06.280 [http-nio-8080-exec-10] DEBUG c.i.o.dao.LocalAuthDao.queryLocalByUserNameAndPwd-==> Parameters: testbind(String), 552eel5ssb5b256e2e62b065q0y52s2l(String)
2019-06-14 15:50:06.287 [http-nio-8080-exec-10] DEBUG c.i.o.dao.LocalAuthDao.queryLocalByUserNameAndPwd-<==      Total: 1
2019-06-14 15:50:08.460 [http-nio-8080-exec-3] DEBUG com.imooc.o2o.dao.ShopDao.queryShopList-==>  Preparing: SELECT s.shop_id, s.shop_name, s.shop_desc, s.shop_addr, s.phone, s.shop_img, s.priority, s.create_time, s.last_edit_time, s.enable_status, s.advice, a.area_id, a.area_name, sc.shop_category_id, sc.shop_category_name FROM tb_shop s, tb_area a, tb_shop_category sc WHERE s.shop_category_id in (select shop_category_id from tb_shop_category WHERE parent_id=?) and s.enable_status=? AND s.area_id=a.area_id AND s.shop_category_id=sc.shop_category_id ORDER BY s.priority DESC LIMIT ?,?; 
2019-06-14 15:50:08.460 [http-nio-8080-exec-3] DEBUG com.imooc.o2o.dao.ShopDao.queryShopList-==> Parameters: 4(Long), 1(Integer), 0(Integer), 10(Integer)
2019-06-14 15:50:08.477 [http-nio-8080-exec-3] DEBUG com.imooc.o2o.dao.ShopDao.queryShopList-<==      Total: 6
2019-06-14 15:50:08.479 [http-nio-8080-exec-3] DEBUG com.imooc.o2o.dao.ShopDao.queryShopCount-==>  Preparing: SELECT count(1) FROM tb_shop s, tb_area a, tb_shop_category sc WHERE s.shop_category_id in (select shop_category_id from tb_shop_category WHERE parent_id=?) and s.enable_status=? AND s.area_id=a.area_id AND s.shop_category_id=sc.shop_category_id 
2019-06-14 15:50:08.480 [http-nio-8080-exec-3] DEBUG com.imooc.o2o.dao.ShopDao.queryShopCount-==> Parameters: 4(Long), 1(Integer)
2019-06-14 15:50:08.484 [http-nio-8080-exec-3] DEBUG com.imooc.o2o.dao.ShopDao.queryShopCount-<==      Total: 1
2019-06-14 15:50:10.784 [http-nio-8080-exec-6] DEBUG com.imooc.o2o.dao.ShopDao.queryByShopId-==>  Preparing: SELECT s.shop_id, s.shop_name, s.shop_desc, s.shop_addr, s.phone, s.shop_img, s.priority, s.create_time, s.last_edit_time, s.enable_status, s.advice, a.area_id, a.area_name, sc.shop_category_id, sc.shop_category_name FROM tb_shop s, tb_area a, tb_shop_category sc WHERE s.area_id=a.area_id AND s.shop_category_id=sc.shop_category_id AND s.shop_id=? 
2019-06-14 15:50:10.785 [http-nio-8080-exec-6] DEBUG com.imooc.o2o.dao.ShopDao.queryByShopId-==> Parameters: 1(Long)
2019-06-14 15:50:10.787 [http-nio-8080-exec-6] DEBUG com.imooc.o2o.dao.ShopDao.queryByShopId-<==      Total: 1
2019-06-14 15:50:10.791 [http-nio-8080-exec-6] DEBUG c.i.o.d.P.queryProductCategoryList-==>  Preparing: SELECT product_category_id, product_category_name, priority, create_time, shop_id FROM tb_product_category WHERE shop_id=? ORDER BY priority DESC 
2019-06-14 15:50:10.792 [http-nio-8080-exec-6] DEBUG c.i.o.d.P.queryProductCategoryList-==> Parameters: 1(Long)
2019-06-14 15:50:10.795 [http-nio-8080-exec-6] DEBUG c.i.o.d.P.queryProductCategoryList-<==      Total: 0
2019-06-14 15:50:10.800 [http-nio-8080-exec-7] DEBUG com.imooc.o2o.dao.ProductDao.queryProductList-==>  Preparing: SELECT product_id, product_name, product_desc, img_addr, normal_price, promotion_price, priority, create_time, point, last_edit_time, enable_status, product_category_id, shop_id FROM tb_product WHERE shop_id = ? and enable_status = ? ORDER BY priority DESC LIMIT ?,?; 
2019-06-14 15:50:10.801 [http-nio-8080-exec-7] DEBUG com.imooc.o2o.dao.ProductDao.queryProductList-==> Parameters: 1(Long), 1(Integer), 0(Integer), 10(Integer)
2019-06-14 15:50:10.805 [http-nio-8080-exec-7] DEBUG com.imooc.o2o.dao.ProductDao.queryProductList-<==      Total: 0
2019-06-14 15:50:10.806 [http-nio-8080-exec-7] DEBUG com.imooc.o2o.dao.ProductDao.queryProductCount-==>  Preparing: SELECT count(1) FROM tb_product WHERE shop_id = ? and enable_status = ? 
2019-06-14 15:50:10.807 [http-nio-8080-exec-7] DEBUG com.imooc.o2o.dao.ProductDao.queryProductCount-==> Parameters: 1(Long), 1(Integer)
2019-06-14 15:50:10.809 [http-nio-8080-exec-7] DEBUG com.imooc.o2o.dao.ProductDao.queryProductCount-<==      Total: 1
2019-06-14 15:50:12.454 [http-nio-8080-exec-8] DEBUG com.imooc.o2o.dao.AwardDao.queryAwardList-==>  Preparing: SELECT award_id, award_name, award_desc, award_img, point, priority, create_time, last_edit_time, enable_status, shop_id FROM tb_award WHERE shop_id=? ORDER BY priority DESC LIMIT ?,?; 
2019-06-14 15:50:12.455 [http-nio-8080-exec-8] DEBUG com.imooc.o2o.dao.AwardDao.queryAwardList-==> Parameters: 1(Long), 0(Integer), 10(Integer)
2019-06-14 15:50:12.458 [http-nio-8080-exec-8] DEBUG com.imooc.o2o.dao.AwardDao.queryAwardList-<==      Total: 3
2019-06-14 15:50:12.459 [http-nio-8080-exec-8] DEBUG com.imooc.o2o.dao.AwardDao.queryAwardCount-==>  Preparing: SELECT count(1) FROM tb_award WHERE shop_id=? 
2019-06-14 15:50:12.459 [http-nio-8080-exec-8] DEBUG com.imooc.o2o.dao.AwardDao.queryAwardCount-==> Parameters: 1(Long)
2019-06-14 15:50:12.460 [http-nio-8080-exec-8] DEBUG com.imooc.o2o.dao.AwardDao.queryAwardCount-<==      Total: 1
2019-06-14 15:50:12.462 [http-nio-8080-exec-8] DEBUG com.imooc.o2o.dao.UserShopMapDao.queryUserShopMap-==>  Preparing: SELECT usm.user_shop_id, usm.create_time, usm.point, buyer.user_id, buyer.name, s.shop_id, s.shop_name FROM tb_user_shop_map usm, tb_person_info buyer, tb_shop s WHERE usm.user_id=buyer.user_id and usm.shop_id=s.shop_id and usm.user_id=? and usm.shop_id=? 
2019-06-14 15:50:12.463 [http-nio-8080-exec-8] DEBUG com.imooc.o2o.dao.UserShopMapDao.queryUserShopMap-==> Parameters: 1(Long), 1(Long)
2019-06-14 15:50:12.467 [http-nio-8080-exec-8] DEBUG com.imooc.o2o.dao.UserShopMapDao.queryUserShopMap-<==      Total: 1
2019-06-14 15:50:19.149 [http-nio-8080-exec-10] DEBUG com.imooc.o2o.dao.AwardDao.queryAwardByAwardId-==>  Preparing: SELECT award_id, award_name, award_desc, award_img, point, priority, create_time, last_edit_time, enable_status, shop_id FROM tb_award WHERE award_id= ? 
2019-06-14 15:50:19.150 [http-nio-8080-exec-10] DEBUG com.imooc.o2o.dao.AwardDao.queryAwardByAwardId-==> Parameters: 2(Long)
2019-06-14 15:50:19.158 [http-nio-8080-exec-10] DEBUG com.imooc.o2o.dao.AwardDao.queryAwardByAwardId-<==      Total: 1
2019-06-14 15:50:41.256 [http-nio-8080-exec-10] DEBUG c.imooc.o2o.dao.UserAwardMapDao.insertUserAwardMap-==>  Preparing: INSERT INTO tb_user_award_map(user_id,award_id,shop_id,operator_id, create_time,used_status,point) VALUES (?,?,?,?, ?,?,?) 
2019-06-14 15:50:41.268 [http-nio-8080-exec-10] DEBUG c.imooc.o2o.dao.UserAwardMapDao.insertUserAwardMap-==> Parameters: 1(Long), 2(Long), 1(Long), null, 2019-06-14 15:50:39.59(Timestamp), 0(Integer), null
2019-06-14 15:50:41.274 [http-nio-8080-exec-10] DEBUG c.imooc.o2o.dao.UserAwardMapDao.insertUserAwardMap-<==    Updates: 1
2019-06-14 15:51:13.707 [http-nio-8080-exec-4] DEBUG com.imooc.o2o.dao.AwardDao.queryAwardByAwardId-==>  Preparing: SELECT award_id, award_name, award_desc, award_img, point, priority, create_time, last_edit_time, enable_status, shop_id FROM tb_award WHERE award_id= ? 
2019-06-14 15:51:13.709 [http-nio-8080-exec-4] DEBUG com.imooc.o2o.dao.AwardDao.queryAwardByAwardId-==> Parameters: 1(Long)
2019-06-14 15:51:13.710 [http-nio-8080-exec-4] DEBUG com.imooc.o2o.dao.AwardDao.queryAwardByAwardId-<==      Total: 1
2019-06-14 15:51:13.711 [http-nio-8080-exec-4] DEBUG c.imooc.o2o.dao.UserAwardMapDao.insertUserAwardMap-==>  Preparing: INSERT INTO tb_user_award_map(user_id,award_id,shop_id,operator_id, create_time,used_status,point) VALUES (?,?,?,?, ?,?,?) 
2019-06-14 15:51:13.714 [http-nio-8080-exec-4] DEBUG c.imooc.o2o.dao.UserAwardMapDao.insertUserAwardMap-==> Parameters: 1(Long), 1(Long), 1(Long), null, 2019-06-14 15:51:13.711(Timestamp), 0(Integer), null
2019-06-14 15:51:13.718 [http-nio-8080-exec-4] DEBUG c.imooc.o2o.dao.UserAwardMapDao.insertUserAwardMap-<==    Updates: 1
